<?xml version="1.0" encoding="UTF-8"?>
<!-- Generated by org.testng.reporters.JUnitReportReporter -->
<testsuite hostname="innoppl-PC" name="testcases.TC001_Registration" tests="1" failures="0" timestamp="18 Sep 2017 10:27:42 GMT" time="53.078" errors="0">
  <testcase name="loginLogout" time="53.078" classname="testcases.TC001_Registration"/>
</testsuite> <!-- testcases.TC001_Registration -->
