<?xml version="1.0" encoding="UTF-8"?>
<!-- Generated by org.testng.reporters.JUnitReportReporter -->
<testsuite hostname="innoppl-PC" name="testcases.TC001_LoginLogOut" tests="1" failures="0" timestamp="27 Mar 2018 12:27:18 GMT" time="65.756" errors="0">
  <testcase name="homepage" time="65.756" classname="testcases.TC001_LoginLogOut"/>
</testsuite> <!-- testcases.TC001_LoginLogOut -->
