<?xml version="1.0" encoding="UTF-8"?>
<!-- Generated by org.testng.reporters.JUnitReportReporter -->
<testsuite hostname="innoppl-PC" name="testcases.TC001_LoginLogOutNagative" tests="4" failures="0" timestamp="1 Sep 2017 06:44:22 GMT" time="102.072" errors="0">
  <testcase name="loginLogout" time="26.877" classname="testcases.TC001_LoginLogOutNagative"/>
  <testcase name="loginLogout" time="21.719" classname="testcases.TC001_LoginLogOutNagative"/>
  <testcase name="loginLogout" time="28.845" classname="testcases.TC001_LoginLogOutNagative"/>
  <testcase name="loginLogout" time="24.631" classname="testcases.TC001_LoginLogOutNagative"/>
</testsuite> <!-- testcases.TC001_LoginLogOutNagative -->
