<?xml version="1.0" encoding="UTF-8"?>
<!-- Generated by org.testng.reporters.JUnitReportReporter -->
<testsuite hostname="innoppl-PC" name="testcases.TC005_ForgotPassword" tests="1" failures="0" timestamp="27 Mar 2018 12:27:18 GMT" time="71.857" errors="0">
  <testcase name="forgotPassword" time="71.857" classname="testcases.TC005_ForgotPassword"/>
</testsuite> <!-- testcases.TC005_ForgotPassword -->
